<?xml version="1.0" encoding="UTF-8"?>
<!-- Generated by org.testng.reporters.JUnitXMLReporter -->
<testsuite ignored="27" hostname="DigVijay" failures="1" tests="1" name="Guru99 Automation Test Cases" time="0.068" errors="0" timestamp="2023-09-01T11:19:13 IST">
  <testcase classname="com.Project.Guru99.TestCases.CustomerPageTest" name="validate_customer_name_TC001" time="0.017">
    <failure type="java.lang.NullPointerException" message="Cannot invoke &amp;quot;org.openqa.selenium.WebDriver.findElement(org.openqa.selenium.By)&amp;quot; because &amp;quot;com.Project.Guru99.Pages.CustomerPage.driver&amp;quot; is null">
      <![CDATA[java.lang.NullPointerException: Cannot invoke "org.openqa.selenium.WebDriver.findElement(org.openqa.selenium.By)" because "com.Project.Guru99.Pages.CustomerPage.driver" is null
at com.Project.Guru99.Pages.CustomerPage.navigateToNewCustomer(CustomerPage.java:14)
at com.Project.Guru99.TestCases.CustomerPageTest.validate_customer_name_TC001(CustomerPageTest.java:31)
at java.base/java.util.ArrayList.forEach(ArrayList.java:1511)
... Removed 25 stack frames]]>
    </failure>
  </testcase> <!-- validate_customer_name_TC001 -->
  <testcase classname="com.Project.Guru99.TestCases.CustomerPageTest" name="validate_customer_name_TC012" time="0.0">
    <ignored/>
  </testcase> <!-- validate_customer_name_TC012 -->
  <testcase classname="com.Project.Guru99.TestCases.CustomerPageTest" name="validate_customer_name_TC024" time="0.0">
    <ignored/>
  </testcase> <!-- validate_customer_name_TC024 -->
  <testcase classname="com.Project.Guru99.TestCases.CustomerPageTest" name="validate_customer_name_TC002" time="0.0">
    <ignored/>
  </testcase> <!-- validate_customer_name_TC002 -->
  <testcase classname="com.Project.Guru99.TestCases.CustomerPageTest" name="validate_address_TC006" time="0.0">
    <ignored/>
  </testcase> <!-- validate_address_TC006 -->
  <testcase classname="com.Project.Guru99.TestCases.CustomerPageTest" name="validate_customer_name_TC025" time="0.0">
    <ignored/>
  </testcase> <!-- validate_customer_name_TC025 -->
  <testcase classname="com.Project.Guru99.TestCases.CustomerPageTest" name="validate_customer_name_TC003" time="0.0">
    <ignored/>
  </testcase> <!-- validate_customer_name_TC003 -->
  <testcase classname="com.Project.Guru99.TestCases.CustomerPageTest" name="validate_customer_name_TC015" time="0.0">
    <ignored/>
  </testcase> <!-- validate_customer_name_TC015 -->
  <testcase classname="com.Project.Guru99.TestCases.CustomerPageTest" name="validate_customer_name_TC027" time="0.0">
    <ignored/>
  </testcase> <!-- validate_customer_name_TC027 -->
  <testcase classname="com.Project.Guru99.TestCases.CustomerPageTest" name="validate_customer_name_TC017" time="0.0">
    <ignored/>
  </testcase> <!-- validate_customer_name_TC017 -->
  <testcase classname="com.Project.Guru99.TestCases.CustomerPageTest" name="validate_customer_name_TC007" time="0.0">
    <ignored/>
  </testcase> <!-- validate_customer_name_TC007 -->
  <testcase classname="com.Project.Guru99.TestCases.CustomerPageTest" name="validate_customer_name_TC019" time="0.0">
    <ignored/>
  </testcase> <!-- validate_customer_name_TC019 -->
  <testcase classname="com.Project.Guru99.TestCases.CustomerPageTest" name="validate_customer_name_TC009" time="0.0">
    <ignored/>
  </testcase> <!-- validate_customer_name_TC009 -->
  <testcase classname="com.Project.Guru99.TestCases.CustomerPageTest" name="validate_customer_name_TC021" time="0.0">
    <ignored/>
  </testcase> <!-- validate_customer_name_TC021 -->
  <testcase classname="com.Project.Guru99.TestCases.CustomerPageTest" name="validate_customer_name_TC011" time="0.0">
    <ignored/>
  </testcase> <!-- validate_customer_name_TC011 -->
  <testcase classname="com.Project.Guru99.TestCases.CustomerPageTest" name="validate_customer_name_TC023" time="0.0">
    <ignored/>
  </testcase> <!-- validate_customer_name_TC023 -->
  <testcase classname="com.Project.Guru99.TestCases.CustomerPageTest" name="validate_customer_name_TC013" time="0.0">
    <ignored/>
  </testcase> <!-- validate_customer_name_TC013 -->
  <testcase classname="com.Project.Guru99.TestCases.CustomerPageTest" name="validate_address_TC005" time="0.0">
    <ignored/>
  </testcase> <!-- validate_address_TC005 -->
  <testcase classname="com.Project.Guru99.TestCases.CustomerPageTest" name="validate_customer_name_TC014" time="0.0">
    <ignored/>
  </testcase> <!-- validate_customer_name_TC014 -->
  <testcase classname="com.Project.Guru99.TestCases.CustomerPageTest" name="validate_customer_name_TC026" time="0.0">
    <ignored/>
  </testcase> <!-- validate_customer_name_TC026 -->
  <testcase classname="com.Project.Guru99.TestCases.CustomerPageTest" name="validate_customer_name_TC004" time="0.0">
    <ignored/>
  </testcase> <!-- validate_customer_name_TC004 -->
  <testcase classname="com.Project.Guru99.TestCases.CustomerPageTest" name="validate_customer_name_TC016" time="0.0">
    <ignored/>
  </testcase> <!-- validate_customer_name_TC016 -->
  <testcase classname="com.Project.Guru99.TestCases.CustomerPageTest" name="validate_customer_name_TC028" time="0.0">
    <ignored/>
  </testcase> <!-- validate_customer_name_TC028 -->
  <testcase classname="com.Project.Guru99.TestCases.CustomerPageTest" name="validate_customer_name_TC018" time="0.0">
    <ignored/>
  </testcase> <!-- validate_customer_name_TC018 -->
  <testcase classname="com.Project.Guru99.TestCases.CustomerPageTest" name="validate_customer_name_TC008" time="0.0">
    <ignored/>
  </testcase> <!-- validate_customer_name_TC008 -->
  <testcase classname="com.Project.Guru99.TestCases.CustomerPageTest" name="validate_customer_name_TC020" time="0.0">
    <ignored/>
  </testcase> <!-- validate_customer_name_TC020 -->
  <testcase classname="com.Project.Guru99.TestCases.CustomerPageTest" name="validate_customer_name_TC010" time="0.0">
    <ignored/>
  </testcase> <!-- validate_customer_name_TC010 -->
  <testcase classname="com.Project.Guru99.TestCases.CustomerPageTest" name="validate_customer_name_TC022" time="0.0">
    <ignored/>
  </testcase> <!-- validate_customer_name_TC022 -->
</testsuite> <!-- Guru99 Automation Test Cases -->
