<?xml version="1.0" encoding="UTF-8"?>
<!-- Generated by org.testng.reporters.JUnitXMLReporter -->
<testsuite ignored="27" hostname="DigVijay" failures="0" tests="1" name="Default test" time="15.122" errors="0" timestamp="2023-09-01T13:28:01 IST">
  <testcase classname="com.Project.Guru99.TestCases.CustomerPageTest" name="validate_customer_name_TC001" time="3.991"/>
  <testcase classname="com.Project.Guru99.TestCases.CustomerPageTest" name="validate_customer_name_TC028" time="0.0">
    <ignored/>
  </testcase> <!-- validate_customer_name_TC028 -->
  <testcase classname="com.Project.Guru99.TestCases.CustomerPageTest" name="validate_customer_name_TC018" time="0.0">
    <ignored/>
  </testcase> <!-- validate_customer_name_TC018 -->
  <testcase classname="com.Project.Guru99.TestCases.CustomerPageTest" name="validate_customer_name_TC008" time="0.0">
    <ignored/>
  </testcase> <!-- validate_customer_name_TC008 -->
  <testcase classname="com.Project.Guru99.TestCases.CustomerPageTest" name="validate_customer_name_TC014" time="0.0">
    <ignored/>
  </testcase> <!-- validate_customer_name_TC014 -->
  <testcase classname="com.Project.Guru99.TestCases.CustomerPageTest" name="validate_customer_name_TC004" time="0.0">
    <ignored/>
  </testcase> <!-- validate_customer_name_TC004 -->
  <testcase classname="com.Project.Guru99.TestCases.CustomerPageTest" name="validate_customer_name_TC026" time="0.0">
    <ignored/>
  </testcase> <!-- validate_customer_name_TC026 -->
  <testcase classname="com.Project.Guru99.TestCases.CustomerPageTest" name="validate_customer_name_TC016" time="0.0">
    <ignored/>
  </testcase> <!-- validate_customer_name_TC016 -->
  <testcase classname="com.Project.Guru99.TestCases.CustomerPageTest" name="validate_customer_name_TC020" time="0.0">
    <ignored/>
  </testcase> <!-- validate_customer_name_TC020 -->
  <testcase classname="com.Project.Guru99.TestCases.CustomerPageTest" name="validate_customer_name_TC010" time="0.0">
    <ignored/>
  </testcase> <!-- validate_customer_name_TC010 -->
  <testcase classname="com.Project.Guru99.TestCases.CustomerPageTest" name="validate_customer_name_TC022" time="0.0">
    <ignored/>
  </testcase> <!-- validate_customer_name_TC022 -->
  <testcase classname="com.Project.Guru99.TestCases.CustomerPageTest" name="validate_customer_name_TC012" time="0.0">
    <ignored/>
  </testcase> <!-- validate_customer_name_TC012 -->
  <testcase classname="com.Project.Guru99.TestCases.CustomerPageTest" name="validate_customer_name_TC002" time="0.0">
    <ignored/>
  </testcase> <!-- validate_customer_name_TC002 -->
  <testcase classname="com.Project.Guru99.TestCases.CustomerPageTest" name="validate_customer_name_TC024" time="0.0">
    <ignored/>
  </testcase> <!-- validate_customer_name_TC024 -->
  <testcase classname="com.Project.Guru99.TestCases.CustomerPageTest" name="validate_customer_name_TC017" time="0.0">
    <ignored/>
  </testcase> <!-- validate_customer_name_TC017 -->
  <testcase classname="com.Project.Guru99.TestCases.CustomerPageTest" name="validate_customer_name_TC007" time="0.0">
    <ignored/>
  </testcase> <!-- validate_customer_name_TC007 -->
  <testcase classname="com.Project.Guru99.TestCases.CustomerPageTest" name="validate_customer_name_TC019" time="0.0">
    <ignored/>
  </testcase> <!-- validate_customer_name_TC019 -->
  <testcase classname="com.Project.Guru99.TestCases.CustomerPageTest" name="validate_customer_name_TC009" time="0.0">
    <ignored/>
  </testcase> <!-- validate_customer_name_TC009 -->
  <testcase classname="com.Project.Guru99.TestCases.CustomerPageTest" name="validate_address_TC006" time="0.0">
    <ignored/>
  </testcase> <!-- validate_address_TC006 -->
  <testcase classname="com.Project.Guru99.TestCases.CustomerPageTest" name="validate_customer_name_TC003" time="0.0">
    <ignored/>
  </testcase> <!-- validate_customer_name_TC003 -->
  <testcase classname="com.Project.Guru99.TestCases.CustomerPageTest" name="validate_customer_name_TC025" time="0.0">
    <ignored/>
  </testcase> <!-- validate_customer_name_TC025 -->
  <testcase classname="com.Project.Guru99.TestCases.CustomerPageTest" name="validate_customer_name_TC015" time="0.0">
    <ignored/>
  </testcase> <!-- validate_customer_name_TC015 -->
  <testcase classname="com.Project.Guru99.TestCases.CustomerPageTest" name="validate_customer_name_TC027" time="0.0">
    <ignored/>
  </testcase> <!-- validate_customer_name_TC027 -->
  <testcase classname="com.Project.Guru99.TestCases.CustomerPageTest" name="validate_address_TC005" time="0.0">
    <ignored/>
  </testcase> <!-- validate_address_TC005 -->
  <testcase classname="com.Project.Guru99.TestCases.CustomerPageTest" name="validate_customer_name_TC021" time="0.0">
    <ignored/>
  </testcase> <!-- validate_customer_name_TC021 -->
  <testcase classname="com.Project.Guru99.TestCases.CustomerPageTest" name="validate_customer_name_TC011" time="0.0">
    <ignored/>
  </testcase> <!-- validate_customer_name_TC011 -->
  <testcase classname="com.Project.Guru99.TestCases.CustomerPageTest" name="validate_customer_name_TC023" time="0.0">
    <ignored/>
  </testcase> <!-- validate_customer_name_TC023 -->
  <testcase classname="com.Project.Guru99.TestCases.CustomerPageTest" name="validate_customer_name_TC013" time="0.0">
    <ignored/>
  </testcase> <!-- validate_customer_name_TC013 -->
</testsuite> <!-- Default test -->
