<?xml version="1.0" encoding="UTF-8"?>
<testng-results ignored="27" total="28" passed="1" failed="0" skipped="0">
  <reporter-output>
  </reporter-output>
  <suite started-at="2023-09-01T13:27:46 IST" name="Default suite" finished-at="2023-09-01T13:28:01 IST" duration-ms="15122">
    <groups>
      <group name="smoke">
        <method signature="CustomerPageTest.validate_customer_name_TC001()[pri:0, instance:com.Project.Guru99.TestCases.CustomerPageTest@145f66e3]" name="validate_customer_name_TC001" class="com.Project.Guru99.TestCases.CustomerPageTest"/>
      </group> <!-- smoke -->
    </groups>
    <test started-at="2023-09-01T13:27:46 IST" name="Default test" finished-at="2023-09-01T13:28:01 IST" duration-ms="15122">
      <class name="com.Project.Guru99.TestCases.CustomerPageTest">
        <test-method is-config="true" signature="setup()[pri:0, instance:com.Project.Guru99.TestCases.CustomerPageTest@145f66e3]" started-at="2023-09-01T13:27:46 IST" name="setup" finished-at="2023-09-01T13:27:57 IST" duration-ms="10638" status="PASS">
          <reporter-output>
          </reporter-output>
        </test-method> <!-- setup -->
        <test-method signature="validate_customer_name_TC001()[pri:0, instance:com.Project.Guru99.TestCases.CustomerPageTest@145f66e3]" started-at="2023-09-01T13:27:57 IST" name="validate_customer_name_TC001" description="Validate Customer Name Cannot Be Empty" finished-at="2023-09-01T13:28:01 IST" duration-ms="3991" status="PASS">
          <reporter-output>
          </reporter-output>
        </test-method> <!-- validate_customer_name_TC001 -->
        <test-method is-config="true" signature="tearDown()[pri:0, instance:com.Project.Guru99.TestCases.CustomerPageTest@145f66e3]" started-at="2023-09-01T13:28:01 IST" name="tearDown" finished-at="2023-09-01T13:28:01 IST" duration-ms="436" status="PASS">
          <reporter-output>
          </reporter-output>
        </test-method> <!-- tearDown -->
      </class> <!-- com.Project.Guru99.TestCases.CustomerPageTest -->
    </test> <!-- Default test -->
  </suite> <!-- Default suite -->
</testng-results>
